<?xml version="1.0" encoding="UTF-8"?>
<!-- Generated by org.testng.reporters.JUnitReportReporter -->
<testsuite hostname="user-PC" name="basicSelenium.SeleniumClass1" tests="1" failures="0" timestamp="15 Oct 2019 15:13:52 GMT" time="80.030" errors="0">
  <testcase name="login" time="80.030" classname="basicSelenium.SeleniumClass1"/>
</testsuite> <!-- basicSelenium.SeleniumClass1 -->
